<?xml version="1.0" encoding="UTF-8"?>
<testng-results total="1" passed="1" failed="0" skipped="0">
  <reporter-output>
  </reporter-output>
  <suite started-at="2021-06-17T04:09:27Z" name="Default suite" finished-at="2021-06-17T04:09:27Z" duration-ms="17">
    <groups>
    </groups>
    <test started-at="2021-06-17T04:09:27Z" name="Default test" finished-at="2021-06-17T04:09:27Z" duration-ms="17">
      <class name="example.NewTest">
        <test-method is-config="true" signature="beforeTest()[pri:0, instance:example.NewTest@30c8681]" started-at="2021-06-17T00:09:27Z" name="beforeTest" finished-at="2021-06-17T00:09:27Z" duration-ms="6" status="PASS">
          <reporter-output>
          </reporter-output>
        </test-method> <!-- beforeTest -->
        <test-method signature="f()[pri:0, instance:example.NewTest@30c8681]" started-at="2021-06-17T00:09:27Z" name="f" finished-at="2021-06-17T00:09:27Z" duration-ms="4" status="PASS">
          <reporter-output>
          </reporter-output>
        </test-method> <!-- f -->
        <test-method is-config="true" signature="afterTest()[pri:0, instance:example.NewTest@30c8681]" started-at="2021-06-17T00:09:27Z" name="afterTest" finished-at="2021-06-17T00:09:27Z" duration-ms="0" status="PASS">
          <reporter-output>
          </reporter-output>
        </test-method> <!-- afterTest -->
      </class> <!-- example.NewTest -->
    </test> <!-- Default test -->
  </suite> <!-- Default suite -->
</testng-results>
